<?xml version="1.0" encoding="UTF-8"?>
<!-- Generated by org.testng.reporters.JUnitReportReporter -->
<testsuite hostname="DESKTOP-G01D0OC" failures="0" tests="1" name="TestNG_study.NewTest" time="0.024" errors="0" timestamp="2022-07-26T13:52:03 IST" skipped="0">
  <testcase classname="TestNG_study.NewTest" name="validateuser" time="0.024"/>
  <system-out>
    <![CDATA[user validation sucessfull]]>
  </system-out>
</testsuite> <!-- TestNG_study.NewTest -->
