<?xml version="1.0" encoding="UTF-8"?>
<!-- Generated by org.testng.reporters.JUnitReportReporter -->
<testsuite hostname="DESKTOP-G01D0OC" failures="0" tests="3" name="TestNG_xml.Class1" time="0.026" errors="0" timestamp="2022-07-29T22:23:47 IST" skipped="0">
  <testcase classname="TestNG_xml.Class1" name="a" time="0.019"/>
  <system-out>
    <![CDATA[cla a is running ]]>
  </system-out>
  <testcase classname="TestNG_xml.Class1" name="b" time="0.003"/>
  <system-out>
    <![CDATA[cla b is running ]]>
  </system-out>
  <testcase classname="TestNG_xml.Class1" name="c" time="0.004"/>
  <system-out>
    <![CDATA[cla c is running ]]>
  </system-out>
</testsuite> <!-- TestNG_xml.Class1 -->
