<?xml version="1.0" encoding="UTF-8"?>
<!-- Generated by org.testng.reporters.JUnitReportReporter -->
<testsuite hostname="DESKTOP-G01D0OC" failures="0" tests="1" name="Assert_verificationTestNG.equal_notequal" time="0.031" errors="0" timestamp="2022-07-29T12:53:28 IST" skipped="0">
  <testcase classname="Assert_verificationTestNG.equal_notequal" name="equal_notequal" time="0.031"/>
  <system-out>
    <![CDATA[test case pass]]>
  </system-out>
</testsuite> <!-- Assert_verificationTestNG.equal_notequal -->
