<?xml version="1.0" encoding="UTF-8"?>
<!-- Generated by org.testng.reporters.JUnitReportReporter -->
<testsuite hostname="DESKTOP-G01D0OC" failures="0" tests="1" name="Kite_tests.test_amazone" time="32.622" errors="0" timestamp="2022-08-13T14:01:41 IST" skipped="0">
  <testcase classname="Kite_tests.test_amazone" name="validate_product_showin_cart" time="32.622"/>
  <system-out>
    <![CDATA[product display in cart
screenshot got
tcid 102 pass, product show in add to cart]]>
  </system-out>
</testsuite> <!-- Kite_tests.test_amazone -->
