<?xml version="1.0" encoding="UTF-8"?>
<!-- Generated by org.testng.reporters.JUnitReportReporter -->
<testsuite hostname="DESKTOP-G01D0OC" failures="0" tests="2" name="CrossBrowzer_Testing.CB_KiteTesting" time="53.572" errors="0" timestamp="2022-07-29T12:04:09 IST" skipped="0">
  <testcase classname="CrossBrowzer_Testing.CB_KiteTesting" name="VCTC_Launch" time="33.586"/>
  <system-out/>
  <testcase classname="CrossBrowzer_Testing.CB_KiteTesting" name="VCTC_Launch" time="19.986"/>
  <system-out/>
</testsuite> <!-- CrossBrowzer_Testing.CB_KiteTesting -->
