<?xml version="1.0" encoding="UTF-8"?>
<!-- Generated by org.testng.reporters.JUnitReportReporter -->
<testsuite hostname="DESKTOP-G01D0OC" failures="0" tests="3" name="TestNG_xml.Class2" time="0.011" errors="0" timestamp="2022-07-29T22:23:47 IST" skipped="0">
  <testcase classname="TestNG_xml.Class2" name="z" time="0.003"/>
  <system-out>
    <![CDATA[cls z is running ]]>
  </system-out>
  <testcase classname="TestNG_xml.Class2" name="y" time="0.005"/>
  <system-out>
    <![CDATA[cls y is running ]]>
  </system-out>
  <testcase classname="TestNG_xml.Class2" name="x" time="0.003"/>
  <system-out>
    <![CDATA[cls x is running ]]>
  </system-out>
</testsuite> <!-- TestNG_xml.Class2 -->
