<?xml version="1.0" encoding="UTF-8"?>
<!-- Generated by org.testng.reporters.JUnitReportReporter -->
<testsuite hostname="DESKTOP-G01D0OC" failures="0" tests="5" name="TestNG_study.dependsonmethod" time="0.078" errors="0" timestamp="2022-07-24T19:45:17 IST" skipped="0">
  <testcase classname="TestNG_study.dependsonmethod" name="d" time="0.002"/>
  <system-out>
    <![CDATA[d method is running]]>
  </system-out>
  <testcase classname="TestNG_study.dependsonmethod" name="b" time="0.002"/>
  <system-out>
    <![CDATA[b method is running]]>
  </system-out>
  <testcase classname="TestNG_study.dependsonmethod" name="e" time="0.007"/>
  <system-out>
    <![CDATA[e method is running]]>
  </system-out>
  <testcase classname="TestNG_study.dependsonmethod" name="a" time="0.061"/>
  <system-out>
    <![CDATA[a method is running]]>
  </system-out>
  <testcase classname="TestNG_study.dependsonmethod" name="c" time="0.006"/>
  <system-out>
    <![CDATA[c method is running]]>
  </system-out>
</testsuite> <!-- TestNG_study.dependsonmethod -->
