<?xml version="1.0" encoding="UTF-8"?>
<!-- Generated by org.testng.reporters.JUnitReportReporter -->
<testsuite hostname="DESKTOP-G01D0OC" failures="0" tests="3" name="TestNG_xml.Class3" time="0.027" errors="0" timestamp="2022-07-29T22:23:47 IST" skipped="0">
  <testcase classname="TestNG_xml.Class3" name="f" time="0.002"/>
  <system-out>
    <![CDATA[cla f is running ]]>
  </system-out>
  <testcase classname="TestNG_xml.Class3" name="e" time="0.002"/>
  <system-out>
    <![CDATA[cla e is running ]]>
  </system-out>
  <testcase classname="TestNG_xml.Class3" name="d" time="0.023"/>
  <system-out>
    <![CDATA[cla d is running ]]>
  </system-out>
</testsuite> <!-- TestNG_xml.Class3 -->
